<component name="libraryTable">
  <library name="junit-4.11">
    <CLASSES>
      <root url="jar://$PROJECT_DIR$/lib/junit-4.11.jar!/" />
    </CLASSES>
    <JAVADOC />
    <SOURCES />
    <excluded>
      <root url="jar://$PROJECT_DIR$/lib/junit-4.11.jar!/" />
    </excluded>
  </library>
</component>